[debug] [2025-06-24T09:57:02.923Z] ----------------------------------------------------------------------
[debug] [2025-06-24T09:57:02.925Z] Command:       C:\Program Files\nodejs\node.exe C:\Users\maitr\AppData\Roaming\npm\node_modules\firebase-tools\lib\bin\firebase.js init
[debug] [2025-06-24T09:57:02.925Z] CLI Version:   14.8.0
[debug] [2025-06-24T09:57:02.925Z] Platform:      win32
[debug] [2025-06-24T09:57:02.925Z] Node Version:  v22.14.0
[debug] [2025-06-24T09:57:02.926Z] Time:          Tue Jun 24 2025 11:57:02 GMT+0200 (Central European Summer Time)
[debug] [2025-06-24T09:57:02.926Z] ----------------------------------------------------------------------
[debug] 
[debug] [2025-06-24T09:57:02.929Z] > command requires scopes: ["email","openid","https://www.googleapis.com/auth/cloudplatformprojects.readonly","https://www.googleapis.com/auth/firebase","https://www.googleapis.com/auth/cloud-platform"]
[debug] [2025-06-24T09:57:02.930Z] > authorizing via signed-in user (samapika.sahoo2@gmail.com)
[info] 
     ######## #### ########  ######## ########     ###     ######  ########
     ##        ##  ##     ## ##       ##     ##  ##   ##  ##       ##
     ######    ##  ########  ######   ########  #########  ######  ######
     ##        ##  ##    ##  ##       ##     ## ##     ##       ## ##
     ##       #### ##     ## ######## ########  ##     ##  ######  ########

You're about to initialize a Firebase project in this directory:

  C:\Users\maitr\Downloads\GO-FHworks2020-React-Dashboard-master\GO-FHworks2020-React-Dashboard-master

[info] 
=== Project Setup
[info] 
[info] First, let's associate this project directory with a Firebase project.
[info] You can create multiple project aliases by running firebase use --add, 
[info] but for now we'll just set up a default project.
[info] 
[debug] [2025-06-24T09:57:46.223Z] Checked if tokens are valid: false, expires at: 1750711731292
[debug] [2025-06-24T09:57:46.223Z] Checked if tokens are valid: false, expires at: 1750711731292
[debug] [2025-06-24T09:57:46.224Z] > refreshing access token with scopes: []
[debug] [2025-06-24T09:57:46.226Z] >>> [apiv2][query] POST https://www.googleapis.com/oauth2/v3/token [none]
[debug] [2025-06-24T09:57:46.226Z] >>> [apiv2][body] POST https://www.googleapis.com/oauth2/v3/token [omitted]
[debug] [2025-06-24T09:57:46.457Z] <<< [apiv2][status] POST https://www.googleapis.com/oauth2/v3/token 200
[debug] [2025-06-24T09:57:46.457Z] <<< [apiv2][body] POST https://www.googleapis.com/oauth2/v3/token [omitted]
[debug] [2025-06-24T09:57:46.515Z] >>> [apiv2][query] GET https://firebase.googleapis.com/v1beta1/projects pageSize=100
[debug] [2025-06-24T09:57:47.060Z] <<< [apiv2][status] GET https://firebase.googleapis.com/v1beta1/projects 200
[debug] [2025-06-24T09:57:47.060Z] <<< [apiv2][body] GET https://firebase.googleapis.com/v1beta1/projects [omitted]
